<?xml version="1.0" encoding="UTF-8"?>
<robot generator="Robot 7.2.2 (Python 3.13.2 on darwin)" generated="2025-06-16T12:44:09.182640" rpa="false" schemaversion="5">
<suite id="s1" name="Cadastro" source="/Users/carlacristina/Desktop/levelup-web/tests/cadastro.robot">
<test id="s1-t1" name="Caso de teste 01: Deve realizar o cadastro com sucesso" line="7">
<kw name="Abrir navegador" owner="Base">
<kw name="New Browser" owner="Browser">
<msg time="2025-06-16T12:44:09.744481" level="INFO">{"browser": "chromium", "headless": false, "chromiumSandbox": false, "devtools": false, "handleSIGHUP": true, "handleSIGINT": true, "handleSIGTERM": true, "slowMo": 0.0, "timeout": 30000.0, "tracesDir": "/Users/carlacristina/Desktop/levelup-web/logs/browser/traces/temp/a79bac49-dada-489c-9f5f-fb9a638c028c"}</msg>
<msg time="2025-06-16T12:44:09.791091" level="INFO">Starting Browser process /Library/Frameworks/Python.framework/Versions/3.13/lib/python3.13/site-packages/Browser/wrapper/index.js using port 51391</msg>
<msg time="2025-06-16T12:44:09.791231" level="INFO">Node startup parameters: ['node', '/Library/Frameworks/Python.framework/Versions/3.13/lib/python3.13/site-packages/Browser/wrapper/index.js', '51391']</msg>
<msg time="2025-06-16T12:44:13.552776" level="INFO">Successfully created browser with options: {"browser":"chromium","headless":false,"chromiumSandbox":false,"devtools":false,"handleSIGHUP":true,"handleSIGINT":true,"handleSIGTERM":true,"slowMo":0,"timeout":30000,"tracesDir":"/Users/carlacristina/Desktop/levelup-web/logs/browser/traces/temp/a79bac49-dada-489c-9f5f-fb9a638c028c"}</msg>
<arg>headless=${False}</arg>
<tag>BrowserControl</tag>
<tag>Setter</tag>
<doc>Create a new playwright Browser with specified options.</doc>
<status status="PASS" start="2025-06-16T12:44:09.744199" elapsed="3.809232"/>
</kw>
<kw name="New Context" owner="Browser">
<msg time="2025-06-16T12:44:13.554865" level="INFO">{
  "acceptDownloads": true,
  "bypassCSP": false,
  "forcedColors": "none",
  "ignoreHTTPSErrors": false,
  "javaScriptEnabled": true,
  "offline": false,
  "reducedMotion": "no-preference",
  "serviceWorkers": "allow",
  "viewport": {
    "width": 1280,
    "height": 720
  }
}</msg>
<msg time="2025-06-16T12:44:13.575632" level="INFO">Successfully created context. </msg>
<msg time="2025-06-16T12:44:13.575681" level="INFO">{'acceptDownloads': True, 'bypassCSP': False, 'forcedColors': 'none', 'ignoreHTTPSErrors': False, 'javaScriptEnabled': True, 'offline': False, 'reducedMotion': 'no-preference', 'serviceWorkers': 'allow', 'viewport': {'width': 1280, 'height': 720}}</msg>
<tag>BrowserControl</tag>
<tag>Setter</tag>
<doc>Create a new BrowserContext with specified options.</doc>
<status status="PASS" start="2025-06-16T12:44:13.553796" elapsed="0.021940"/>
</kw>
<kw name="New Page" owner="Browser">
<msg time="2025-06-16T12:44:16.854861" level="INFO">Successfully initialized new page object and opened url: https://front.serverest.dev/login</msg>
<arg>${URL}</arg>
<tag>BrowserControl</tag>
<tag>Setter</tag>
<doc>Open a new Page.</doc>
<status status="PASS" start="2025-06-16T12:44:13.575855" elapsed="3.279217"/>
</kw>
<status status="PASS" start="2025-06-16T12:44:09.743798" elapsed="7.111416"/>
</kw>
<kw name=" Acessar tela de cadastro" owner="Cadastro">
<kw name="Sleep" owner="BuiltIn">
<msg time="2025-06-16T12:44:19.856542" level="INFO">Slept 3 seconds.</msg>
<arg>3</arg>
<doc>Pauses the test executed for the given time.</doc>
<status status="PASS" start="2025-06-16T12:44:16.855858" elapsed="3.001053"/>
</kw>
<kw name="Click" owner="Browser">
<msg time="2025-06-16T12:44:19.858768" level="INFO">Clicks the element 'css=a[type="button"]'.</msg>
<arg>css=a[type="button"]</arg>
<tag>PageContent</tag>
<tag>Setter</tag>
<doc>Simulates mouse click on the element found by ``selector``.</doc>
<status status="PASS" start="2025-06-16T12:44:19.857411" elapsed="0.124049"/>
</kw>
<kw name="Sleep" owner="BuiltIn">
<msg time="2025-06-16T12:44:24.983084" level="INFO">Slept 5 seconds.</msg>
<arg>5</arg>
<doc>Pauses the test executed for the given time.</doc>
<status status="PASS" start="2025-06-16T12:44:19.981597" elapsed="5.001856"/>
</kw>
<status status="PASS" start="2025-06-16T12:44:16.855497" elapsed="8.128369"/>
</kw>
<kw name="Preencher campos na tela de cadastro" owner="Cadastro">
<kw name="Sleep" owner="BuiltIn">
<msg time="2025-06-16T12:44:27.986750" level="INFO">Slept 3 seconds.</msg>
<arg>3</arg>
<doc>Pauses the test executed for the given time.</doc>
<status status="PASS" start="2025-06-16T12:44:24.985854" elapsed="3.001288"/>
</kw>
<kw name="Should Be String" owner="String">
<arg>Cadastro</arg>
<doc>Fails if the given ``item`` is not a string.</doc>
<status status="PASS" start="2025-06-16T12:44:27.987679" elapsed="0.000677"/>
</kw>
<kw name="Fill Text" owner="Browser">
<msg time="2025-06-16T12:44:27.989371" level="INFO">Fills the text 'Carla Cristina' in the given field.</msg>
<arg>css=input[name="nome"]</arg>
<arg>Carla Cristina</arg>
<tag>PageContent</tag>
<tag>Setter</tag>
<doc>Clears and fills the given ``txt`` into the text field found by ``selector``.</doc>
<status status="PASS" start="2025-06-16T12:44:27.988520" elapsed="0.021588"/>
</kw>
<kw name="Fill Text" owner="Browser">
<msg time="2025-06-16T12:44:28.010989" level="INFO">Fills the text 'carla017@gmail.com' in the given field.</msg>
<arg>css=input[id="email"]</arg>
<arg>carla017@gmail.com</arg>
<tag>PageContent</tag>
<tag>Setter</tag>
<doc>Clears and fills the given ``txt`` into the text field found by ``selector``.</doc>
<status status="PASS" start="2025-06-16T12:44:28.010397" elapsed="0.009333"/>
</kw>
<kw name="Sleep" owner="BuiltIn">
<msg time="2025-06-16T12:44:31.020393" level="INFO">Slept 3 seconds.</msg>
<arg>3</arg>
<doc>Pauses the test executed for the given time.</doc>
<status status="PASS" start="2025-06-16T12:44:28.019896" elapsed="3.000947"/>
</kw>
<kw name="Fill Text" owner="Browser">
<msg time="2025-06-16T12:44:31.023126" level="INFO">Fills the text '123321' in the given field.</msg>
<arg>css=input[id="password"]</arg>
<arg>123321</arg>
<tag>PageContent</tag>
<tag>Setter</tag>
<doc>Clears and fills the given ``txt`` into the text field found by ``selector``.</doc>
<status status="PASS" start="2025-06-16T12:44:31.021538" elapsed="0.018070"/>
</kw>
<kw name="Click" owner="Browser">
<msg time="2025-06-16T12:44:31.040604" level="INFO">Clicks the element 'css=input[data-testid="checkbox"]'.</msg>
<arg>css=input[data-testid="checkbox"]</arg>
<tag>PageContent</tag>
<tag>Setter</tag>
<doc>Simulates mouse click on the element found by ``selector``.</doc>
<status status="PASS" start="2025-06-16T12:44:31.039927" elapsed="0.036918"/>
</kw>
<kw name="Sleep" owner="BuiltIn">
<msg time="2025-06-16T12:44:36.077927" level="INFO">Slept 5 seconds.</msg>
<arg>5</arg>
<doc>Pauses the test executed for the given time.</doc>
<status status="PASS" start="2025-06-16T12:44:31.077080" elapsed="5.001349"/>
</kw>
<status status="PASS" start="2025-06-16T12:44:24.984699" elapsed="11.094118"/>
</kw>
<kw name="Clicar no botao cadastrar" owner="Cadastro">
<kw name="Sleep" owner="BuiltIn">
<msg time="2025-06-16T12:44:39.081493" level="INFO">Slept 3 seconds.</msg>
<arg>3</arg>
<doc>Pauses the test executed for the given time.</doc>
<status status="PASS" start="2025-06-16T12:44:36.080678" elapsed="3.001314"/>
</kw>
<kw name="Click" owner="Browser">
<msg time="2025-06-16T12:44:39.083989" level="INFO">Clicks the element 'css=button[type="submit"]'.</msg>
<arg>css=button[type="submit"]</arg>
<tag>PageContent</tag>
<tag>Setter</tag>
<doc>Simulates mouse click on the element found by ``selector``.</doc>
<status status="PASS" start="2025-06-16T12:44:39.082620" elapsed="0.048280"/>
</kw>
<kw name="Sleep" owner="BuiltIn">
<msg time="2025-06-16T12:44:49.132412" level="INFO">Slept 10 seconds.</msg>
<arg>10</arg>
<doc>Pauses the test executed for the given time.</doc>
<status status="PASS" start="2025-06-16T12:44:39.131183" elapsed="10.001696"/>
</kw>
<status status="PASS" start="2025-06-16T12:44:36.079659" elapsed="13.053550"/>
</kw>
<kw name="Take Screenshot" owner="Browser">
<msg time="2025-06-16T12:44:49.246508" level="INFO" html="true">&lt;/td&gt;&lt;/tr&gt;&lt;tr&gt;&lt;td colspan="3"&gt;&lt;a href="browser/screenshot/robotframework-browser-screenshot-1.png" target="_blank"&gt;&lt;img src="browser/screenshot/robotframework-browser-screenshot-1.png" width="800px"/&gt;&lt;/a&gt;</msg>
<tag>PageContent</tag>
<doc>Takes a screenshot of the current window or element and saves it to disk.</doc>
<status status="PASS" start="2025-06-16T12:44:49.133879" elapsed="0.112776"/>
</kw>
<msg time="2025-06-16T12:44:49.248202" level="INFO">Set timeout to: 10000</msg>
<msg time="2025-06-16T12:44:49.252944" level="INFO">Switching context to context=63e9bb7d-38dc-483c-857f-368cc4ddc1a6 in CURRENT</msg>
<msg time="2025-06-16T12:44:49.257731" level="INFO">Successfully changed active context: context=63e9bb7d-38dc-483c-857f-368cc4ddc1a6</msg>
<msg time="2025-06-16T12:44:49.284960" level="INFO">Successfully closed Context</msg>
<doc>CT01 - Deve realizar o cadastro com sucesso</doc>
<tag>cadastro-com-sucesso</tag>
<status status="PASS" start="2025-06-16T12:44:09.743428" elapsed="39.503391"/>
</test>
<test id="s1-t2" name="Caso de teste 02: Deve realizar o login com sucesso" line="17">
<kw name="Abrir navegador" owner="Base">
<kw name="New Browser" owner="Browser">
<msg time="2025-06-16T12:44:49.287283" level="INFO">Switching browser to browser=0f9a0b57-96d8-408b-95c8-af4e7b309676</msg>
<msg time="2025-06-16T12:44:49.288246" level="INFO">Successfully changed active browser: browser=0f9a0b57-96d8-408b-95c8-af4e7b309676</msg>
<msg time="2025-06-16T12:44:49.288307" level="INFO">Reusing existing browser with id: browser=0f9a0b57-96d8-408b-95c8-af4e7b309676</msg>
<arg>headless=${False}</arg>
<tag>BrowserControl</tag>
<tag>Setter</tag>
<doc>Create a new playwright Browser with specified options.</doc>
<status status="PASS" start="2025-06-16T12:44:49.286839" elapsed="0.001501"/>
</kw>
<kw name="New Context" owner="Browser">
<msg time="2025-06-16T12:44:49.289063" level="INFO">{
  "acceptDownloads": true,
  "bypassCSP": false,
  "forcedColors": "none",
  "ignoreHTTPSErrors": false,
  "javaScriptEnabled": true,
  "offline": false,
  "reducedMotion": "no-preference",
  "serviceWorkers": "allow",
  "viewport": {
    "width": 1280,
    "height": 720
  }
}</msg>
<msg time="2025-06-16T12:44:49.295077" level="INFO">Successfully created context. </msg>
<msg time="2025-06-16T12:44:49.295126" level="INFO">{'acceptDownloads': True, 'bypassCSP': False, 'forcedColors': 'none', 'ignoreHTTPSErrors': False, 'javaScriptEnabled': True, 'offline': False, 'reducedMotion': 'no-preference', 'serviceWorkers': 'allow', 'viewport': {'width': 1280, 'height': 720}}</msg>
<tag>BrowserControl</tag>
<tag>Setter</tag>
<doc>Create a new BrowserContext with specified options.</doc>
<status status="PASS" start="2025-06-16T12:44:49.288440" elapsed="0.006723"/>
</kw>
<kw name="New Page" owner="Browser">
<msg time="2025-06-16T12:44:52.424964" level="INFO">Successfully initialized new page object and opened url: https://front.serverest.dev/login</msg>
<arg>${URL}</arg>
<tag>BrowserControl</tag>
<tag>Setter</tag>
<doc>Open a new Page.</doc>
<status status="PASS" start="2025-06-16T12:44:49.295257" elapsed="3.129881"/>
</kw>
<status status="PASS" start="2025-06-16T12:44:49.286525" elapsed="3.138708"/>
</kw>
<kw name="Preencher credenciais" owner="Cadastro">
<kw name="Fill Text" owner="Browser">
<msg time="2025-06-16T12:44:52.426303" level="INFO">Fills the text 'carla017@gmail.com' in the given field.</msg>
<arg>css=input[id="email"]</arg>
<arg>carla017@gmail.com</arg>
<tag>PageContent</tag>
<tag>Setter</tag>
<doc>Clears and fills the given ``txt`` into the text field found by ``selector``.</doc>
<status status="PASS" start="2025-06-16T12:44:52.425824" elapsed="0.018155"/>
</kw>
<kw name="Sleep" owner="BuiltIn">
<msg time="2025-06-16T12:44:55.444511" level="INFO">Slept 3 seconds.</msg>
<arg>3</arg>
<doc>Pauses the test executed for the given time.</doc>
<status status="PASS" start="2025-06-16T12:44:52.444111" elapsed="3.000934"/>
</kw>
<kw name="Fill Text" owner="Browser">
<msg time="2025-06-16T12:44:55.447870" level="INFO">Fills the text '123321' in the given field.</msg>
<arg>css=input[id="password"]</arg>
<arg>123321</arg>
<tag>PageContent</tag>
<tag>Setter</tag>
<doc>Clears and fills the given ``txt`` into the text field found by ``selector``.</doc>
<status status="PASS" start="2025-06-16T12:44:55.445753" elapsed="0.065263"/>
</kw>
<kw name="Sleep" owner="BuiltIn">
<msg time="2025-06-16T12:45:05.514089" level="INFO">Slept 10 seconds.</msg>
<arg>10</arg>
<doc>Pauses the test executed for the given time.</doc>
<status status="PASS" start="2025-06-16T12:44:55.511215" elapsed="10.003240"/>
</kw>
<status status="PASS" start="2025-06-16T12:44:52.425505" elapsed="13.089193"/>
</kw>
<kw name="Clicar no botao entrar" owner="Cadastro">
<kw name="Click" owner="Browser">
<msg time="2025-06-16T12:45:05.517017" level="INFO">Clicks the element 'css=button[data-testid="entrar"]'.</msg>
<arg>css=button[data-testid="entrar"]</arg>
<tag>PageContent</tag>
<tag>Setter</tag>
<doc>Simulates mouse click on the element found by ``selector``.</doc>
<status status="PASS" start="2025-06-16T12:45:05.516142" elapsed="0.051758"/>
</kw>
<status status="PASS" start="2025-06-16T12:45:05.515245" elapsed="0.052828"/>
</kw>
<kw name="Clicar para sair" owner="Cadastro">
<kw name="Sleep" owner="BuiltIn">
<msg time="2025-06-16T12:45:09.569783" level="INFO">Slept 4 seconds.</msg>
<arg>4</arg>
<doc>Pauses the test executed for the given time.</doc>
<status status="PASS" start="2025-06-16T12:45:05.568813" elapsed="4.001335"/>
</kw>
<kw name="Click" owner="Browser">
<msg time="2025-06-16T12:45:09.571982" level="INFO">Clicks the element 'css=button[data-testid="logout"]'.</msg>
<arg>css=button[data-testid="logout"]</arg>
<tag>PageContent</tag>
<tag>Setter</tag>
<doc>Simulates mouse click on the element found by ``selector``.</doc>
<status status="PASS" start="2025-06-16T12:45:09.570634" elapsed="0.101932"/>
</kw>
<status status="PASS" start="2025-06-16T12:45:05.568385" elapsed="4.104279"/>
</kw>
<msg time="2025-06-16T12:45:09.673942" level="INFO">Set timeout to: 10000</msg>
<msg time="2025-06-16T12:45:09.677609" level="INFO">Switching context to context=16151cf8-79be-4f44-b328-e32d7bf6970a in CURRENT</msg>
<msg time="2025-06-16T12:45:09.681099" level="INFO">Successfully changed active context: context=16151cf8-79be-4f44-b328-e32d7bf6970a</msg>
<msg time="2025-06-16T12:45:09.695744" level="INFO">Successfully closed Context</msg>
<doc>CT02 -  Deve realizar o login com sucesso</doc>
<tag>login-com-sucesso</tag>
<status status="PASS" start="2025-06-16T12:44:49.285221" elapsed="20.387571"/>
</test>
<test id="s1-t3" name="Caso de teste 03: Deve cadastrar um novo usuário" line="25">
<kw name="Abrir navegador" owner="Base">
<kw name="New Browser" owner="Browser">
<msg time="2025-06-16T12:45:09.697849" level="INFO">Switching browser to browser=0f9a0b57-96d8-408b-95c8-af4e7b309676</msg>
<msg time="2025-06-16T12:45:09.698727" level="INFO">Successfully changed active browser: browser=0f9a0b57-96d8-408b-95c8-af4e7b309676</msg>
<msg time="2025-06-16T12:45:09.698777" level="INFO">Reusing existing browser with id: browser=0f9a0b57-96d8-408b-95c8-af4e7b309676</msg>
<arg>headless=${False}</arg>
<tag>BrowserControl</tag>
<tag>Setter</tag>
<doc>Create a new playwright Browser with specified options.</doc>
<status status="PASS" start="2025-06-16T12:45:09.697442" elapsed="0.001366"/>
</kw>
<kw name="New Context" owner="Browser">
<msg time="2025-06-16T12:45:09.699485" level="INFO">{
  "acceptDownloads": true,
  "bypassCSP": false,
  "forcedColors": "none",
  "ignoreHTTPSErrors": false,
  "javaScriptEnabled": true,
  "offline": false,
  "reducedMotion": "no-preference",
  "serviceWorkers": "allow",
  "viewport": {
    "width": 1280,
    "height": 720
  }
}</msg>
<msg time="2025-06-16T12:45:09.709174" level="INFO">Successfully created context. </msg>
<msg time="2025-06-16T12:45:09.709221" level="INFO">{'acceptDownloads': True, 'bypassCSP': False, 'forcedColors': 'none', 'ignoreHTTPSErrors': False, 'javaScriptEnabled': True, 'offline': False, 'reducedMotion': 'no-preference', 'serviceWorkers': 'allow', 'viewport': {'width': 1280, 'height': 720}}</msg>
<tag>BrowserControl</tag>
<tag>Setter</tag>
<doc>Create a new BrowserContext with specified options.</doc>
<status status="PASS" start="2025-06-16T12:45:09.698896" elapsed="0.010407"/>
</kw>
<kw name="New Page" owner="Browser">
<msg time="2025-06-16T12:45:12.455489" level="INFO">Successfully initialized new page object and opened url: https://front.serverest.dev/login</msg>
<arg>${URL}</arg>
<tag>BrowserControl</tag>
<tag>Setter</tag>
<doc>Open a new Page.</doc>
<status status="PASS" start="2025-06-16T12:45:09.709388" elapsed="2.746297"/>
</kw>
<status status="PASS" start="2025-06-16T12:45:09.697185" elapsed="2.758601"/>
</kw>
<kw name="Preencher credenciais" owner="Cadastro">
<kw name="Fill Text" owner="Browser">
<msg time="2025-06-16T12:45:12.456705" level="INFO">Fills the text 'carla017@gmail.com' in the given field.</msg>
<arg>css=input[id="email"]</arg>
<arg>carla017@gmail.com</arg>
<tag>PageContent</tag>
<tag>Setter</tag>
<doc>Clears and fills the given ``txt`` into the text field found by ``selector``.</doc>
<status status="PASS" start="2025-06-16T12:45:12.456327" elapsed="0.020800"/>
</kw>
<kw name="Sleep" owner="BuiltIn">
<msg time="2025-06-16T12:45:15.477773" level="INFO">Slept 3 seconds.</msg>
<arg>3</arg>
<doc>Pauses the test executed for the given time.</doc>
<status status="PASS" start="2025-06-16T12:45:12.477292" elapsed="3.001012"/>
</kw>
<kw name="Fill Text" owner="Browser">
<msg time="2025-06-16T12:45:15.480623" level="INFO">Fills the text '123321' in the given field.</msg>
<arg>css=input[id="password"]</arg>
<arg>123321</arg>
<tag>PageContent</tag>
<tag>Setter</tag>
<doc>Clears and fills the given ``txt`` into the text field found by ``selector``.</doc>
<status status="PASS" start="2025-06-16T12:45:15.479046" elapsed="0.019257"/>
</kw>
<kw name="Sleep" owner="BuiltIn">
<msg time="2025-06-16T12:45:25.499254" level="INFO">Slept 10 seconds.</msg>
<arg>10</arg>
<doc>Pauses the test executed for the given time.</doc>
<status status="PASS" start="2025-06-16T12:45:15.498587" elapsed="10.001187"/>
</kw>
<status status="PASS" start="2025-06-16T12:45:12.455994" elapsed="13.044180"/>
</kw>
<kw name="Clicar no botao entrar" owner="Cadastro">
<kw name="Click" owner="Browser">
<msg time="2025-06-16T12:45:25.503373" level="INFO">Clicks the element 'css=button[data-testid="entrar"]'.</msg>
<arg>css=button[data-testid="entrar"]</arg>
<tag>PageContent</tag>
<tag>Setter</tag>
<doc>Simulates mouse click on the element found by ``selector``.</doc>
<status status="PASS" start="2025-06-16T12:45:25.502263" elapsed="0.047480"/>
</kw>
<status status="PASS" start="2025-06-16T12:45:25.500967" elapsed="0.048952"/>
</kw>
<kw name="Clicar no botao cadastrar novo usuario" owner="Cadastro">
<kw name="Sleep" owner="BuiltIn">
<msg time="2025-06-16T12:45:30.551920" level="INFO">Slept 5 seconds.</msg>
<arg>5</arg>
<doc>Pauses the test executed for the given time.</doc>
<status status="PASS" start="2025-06-16T12:45:25.550652" elapsed="5.001632"/>
</kw>
<kw name="Click" owner="Browser">
<msg time="2025-06-16T12:45:30.555078" level="INFO">Clicks the element 'css=a[data-testid="cadastrarUsuarios"]'.</msg>
<arg>css=a[data-testid="cadastrarUsuarios"]</arg>
<tag>PageContent</tag>
<tag>Setter</tag>
<doc>Simulates mouse click on the element found by ``selector``.</doc>
<status status="PASS" start="2025-06-16T12:45:30.552837" elapsed="0.105393"/>
</kw>
<status status="PASS" start="2025-06-16T12:45:25.550234" elapsed="5.108084"/>
</kw>
<kw name="Preencher credenciais do novo usuario" owner="Cadastro">
<kw name="Sleep" owner="BuiltIn">
<msg time="2025-06-16T12:45:35.659359" level="INFO">Slept 5 seconds.</msg>
<arg>5</arg>
<doc>Pauses the test executed for the given time.</doc>
<status status="PASS" start="2025-06-16T12:45:30.658816" elapsed="5.000909"/>
</kw>
<kw name="Fill Text" owner="Browser">
<msg time="2025-06-16T12:45:35.661560" level="INFO">Fills the text 'Luiza mel' in the given field.</msg>
<arg>css=input[name="nome"]</arg>
<arg>Luiza mel</arg>
<tag>PageContent</tag>
<tag>Setter</tag>
<doc>Clears and fills the given ``txt`` into the text field found by ``selector``.</doc>
<status status="PASS" start="2025-06-16T12:45:35.660231" elapsed="0.016374"/>
</kw>
<kw name="Sleep" owner="BuiltIn">
<msg time="2025-06-16T12:45:38.677604" level="INFO">Slept 3 seconds.</msg>
<arg>3</arg>
<doc>Pauses the test executed for the given time.</doc>
<status status="PASS" start="2025-06-16T12:45:35.676885" elapsed="3.001111"/>
</kw>
<kw name="Fill Text" owner="Browser">
<msg time="2025-06-16T12:45:38.680011" level="INFO">Fills the text 'Luiza055@gmail.com' in the given field.</msg>
<arg>css=input[id="email"]</arg>
<arg>Luiza055@gmail.com</arg>
<tag>PageContent</tag>
<tag>Setter</tag>
<doc>Clears and fills the given ``txt`` into the text field found by ``selector``.</doc>
<status status="PASS" start="2025-06-16T12:45:38.678547" elapsed="0.016583"/>
</kw>
<kw name="Sleep" owner="BuiltIn">
<msg time="2025-06-16T12:45:41.697682" level="INFO">Slept 3 seconds.</msg>
<arg>3</arg>
<doc>Pauses the test executed for the given time.</doc>
<status status="PASS" start="2025-06-16T12:45:38.695489" elapsed="3.002505"/>
</kw>
<kw name="Fill Text" owner="Browser">
<msg time="2025-06-16T12:45:41.699812" level="INFO">Fills the text '123321' in the given field.</msg>
<arg>css=input[id="password"]</arg>
<arg>123321</arg>
<tag>PageContent</tag>
<tag>Setter</tag>
<doc>Clears and fills the given ``txt`` into the text field found by ``selector``.</doc>
<status status="PASS" start="2025-06-16T12:45:41.698466" elapsed="0.013546"/>
</kw>
<kw name="Click" owner="Browser">
<msg time="2025-06-16T12:45:41.712618" level="INFO">Clicks the element 'css=button[data-testid="cadastrarUsuario"]'.</msg>
<arg>css=button[data-testid="cadastrarUsuario"]</arg>
<tag>PageContent</tag>
<tag>Setter</tag>
<doc>Simulates mouse click on the element found by ``selector``.</doc>
<status status="PASS" start="2025-06-16T12:45:41.712207" elapsed="0.029848"/>
</kw>
<kw name="Sleep" owner="BuiltIn">
<msg time="2025-06-16T12:45:44.743200" level="INFO">Slept 3 seconds.</msg>
<arg>3</arg>
<doc>Pauses the test executed for the given time.</doc>
<status status="PASS" start="2025-06-16T12:45:41.742213" elapsed="3.001408"/>
</kw>
<kw name="Click" owner="Browser">
<msg time="2025-06-16T12:45:44.745945" level="INFO">Clicks the element 'text=Luiza055@gmail.com'.</msg>
<arg>text=Luiza055@gmail.com</arg>
<tag>PageContent</tag>
<tag>Setter</tag>
<doc>Simulates mouse click on the element found by ``selector``.</doc>
<status status="PASS" start="2025-06-16T12:45:44.744264" elapsed="0.030971"/>
</kw>
<kw name="Highlight Elements" owner="Browser">
<msg time="2025-06-16T12:45:44.791813" level="INFO">Highlighted 1 elements for 5000.</msg>
<arg>text=Luiza055@gmail.com</arg>
<tag>PageContent</tag>
<tag>Setter</tag>
<doc>Adds a highlight to elements matched by the ``selector``. Provides a style adjustment.</doc>
<status status="PASS" start="2025-06-16T12:45:44.775510" elapsed="0.016425"/>
</kw>
<kw name="Sleep" owner="BuiltIn">
<msg time="2025-06-16T12:45:51.793481" level="INFO">Slept 7 seconds.</msg>
<arg>7</arg>
<doc>Pauses the test executed for the given time.</doc>
<status status="PASS" start="2025-06-16T12:45:44.792082" elapsed="7.001728"/>
</kw>
<status status="PASS" start="2025-06-16T12:45:30.658539" elapsed="21.135517"/>
</kw>
<kw name="Clicar para sair" owner="Cadastro">
<kw name="Sleep" owner="BuiltIn">
<msg time="2025-06-16T12:45:55.797643" level="INFO">Slept 4 seconds.</msg>
<arg>4</arg>
<doc>Pauses the test executed for the given time.</doc>
<status status="PASS" start="2025-06-16T12:45:51.795397" elapsed="4.002583"/>
</kw>
<kw name="Click" owner="Browser">
<msg time="2025-06-16T12:45:55.799832" level="INFO">Clicks the element 'css=button[data-testid="logout"]'.</msg>
<arg>css=button[data-testid="logout"]</arg>
<tag>PageContent</tag>
<tag>Setter</tag>
<doc>Simulates mouse click on the element found by ``selector``.</doc>
<status status="PASS" start="2025-06-16T12:45:55.798436" elapsed="0.110351"/>
</kw>
<status status="PASS" start="2025-06-16T12:45:51.794580" elapsed="4.114300"/>
</kw>
<msg time="2025-06-16T12:45:55.910145" level="INFO">Set timeout to: 10000</msg>
<msg time="2025-06-16T12:45:55.915819" level="INFO">Switching context to context=8fd4f071-8c19-45f9-8ae1-96b681806bd5 in CURRENT</msg>
<msg time="2025-06-16T12:45:55.919702" level="INFO">Successfully changed active context: context=8fd4f071-8c19-45f9-8ae1-96b681806bd5</msg>
<msg time="2025-06-16T12:45:55.947171" level="INFO">Successfully closed Context</msg>
<doc>CT03 -  Deve cadastrar e listar um novo usuário</doc>
<tag>cadastrar-novo-usuario</tag>
<status status="PASS" start="2025-06-16T12:45:09.696055" elapsed="46.212942"/>
</test>
<test id="s1-t4" name="Caso de teste 04: Deve cadastrar um produto com sucesso" line="35">
<kw name="Abrir navegador" owner="Base">
<kw name="New Browser" owner="Browser">
<msg time="2025-06-16T12:45:55.949448" level="INFO">Switching browser to browser=0f9a0b57-96d8-408b-95c8-af4e7b309676</msg>
<msg time="2025-06-16T12:45:55.950523" level="INFO">Successfully changed active browser: browser=0f9a0b57-96d8-408b-95c8-af4e7b309676</msg>
<msg time="2025-06-16T12:45:55.950592" level="INFO">Reusing existing browser with id: browser=0f9a0b57-96d8-408b-95c8-af4e7b309676</msg>
<arg>headless=${False}</arg>
<tag>BrowserControl</tag>
<tag>Setter</tag>
<doc>Create a new playwright Browser with specified options.</doc>
<status status="PASS" start="2025-06-16T12:45:55.949047" elapsed="0.001581"/>
</kw>
<kw name="New Context" owner="Browser">
<msg time="2025-06-16T12:45:55.951411" level="INFO">{
  "acceptDownloads": true,
  "bypassCSP": false,
  "forcedColors": "none",
  "ignoreHTTPSErrors": false,
  "javaScriptEnabled": true,
  "offline": false,
  "reducedMotion": "no-preference",
  "serviceWorkers": "allow",
  "viewport": {
    "width": 1280,
    "height": 720
  }
}</msg>
<msg time="2025-06-16T12:45:55.959103" level="INFO">Successfully created context. </msg>
<msg time="2025-06-16T12:45:55.959146" level="INFO">{'acceptDownloads': True, 'bypassCSP': False, 'forcedColors': 'none', 'ignoreHTTPSErrors': False, 'javaScriptEnabled': True, 'offline': False, 'reducedMotion': 'no-preference', 'serviceWorkers': 'allow', 'viewport': {'width': 1280, 'height': 720}}</msg>
<tag>BrowserControl</tag>
<tag>Setter</tag>
<doc>Create a new BrowserContext with specified options.</doc>
<status status="PASS" start="2025-06-16T12:45:55.950738" elapsed="0.008447"/>
</kw>
<kw name="New Page" owner="Browser">
<msg time="2025-06-16T12:45:58.857377" level="INFO">Successfully initialized new page object and opened url: https://front.serverest.dev/login</msg>
<arg>${URL}</arg>
<tag>BrowserControl</tag>
<tag>Setter</tag>
<doc>Open a new Page.</doc>
<status status="PASS" start="2025-06-16T12:45:55.959284" elapsed="2.898298"/>
</kw>
<status status="PASS" start="2025-06-16T12:45:55.948752" elapsed="2.908941"/>
</kw>
<kw name="Preencher credenciais" owner="Cadastro">
<kw name="Fill Text" owner="Browser">
<msg time="2025-06-16T12:45:58.858636" level="INFO">Fills the text 'carla017@gmail.com' in the given field.</msg>
<arg>css=input[id="email"]</arg>
<arg>carla017@gmail.com</arg>
<tag>PageContent</tag>
<tag>Setter</tag>
<doc>Clears and fills the given ``txt`` into the text field found by ``selector``.</doc>
<status status="PASS" start="2025-06-16T12:45:58.858246" elapsed="0.020442"/>
</kw>
<kw name="Sleep" owner="BuiltIn">
<msg time="2025-06-16T12:46:01.879253" level="INFO">Slept 3 seconds.</msg>
<arg>3</arg>
<doc>Pauses the test executed for the given time.</doc>
<status status="PASS" start="2025-06-16T12:45:58.878836" elapsed="3.000864"/>
</kw>
<kw name="Fill Text" owner="Browser">
<msg time="2025-06-16T12:46:01.882307" level="INFO">Fills the text '123321' in the given field.</msg>
<arg>css=input[id="password"]</arg>
<arg>123321</arg>
<tag>PageContent</tag>
<tag>Setter</tag>
<doc>Clears and fills the given ``txt`` into the text field found by ``selector``.</doc>
<status status="PASS" start="2025-06-16T12:46:01.880415" elapsed="0.014512"/>
</kw>
<kw name="Sleep" owner="BuiltIn">
<msg time="2025-06-16T12:46:11.895708" level="INFO">Slept 10 seconds.</msg>
<arg>10</arg>
<doc>Pauses the test executed for the given time.</doc>
<status status="PASS" start="2025-06-16T12:46:01.895132" elapsed="10.001037"/>
</kw>
<status status="PASS" start="2025-06-16T12:45:58.857913" elapsed="13.038674"/>
</kw>
<kw name="Clicar no botao entrar" owner="Cadastro">
<kw name="Click" owner="Browser">
<msg time="2025-06-16T12:46:11.899516" level="INFO">Clicks the element 'css=button[data-testid="entrar"]'.</msg>
<arg>css=button[data-testid="entrar"]</arg>
<tag>PageContent</tag>
<tag>Setter</tag>
<doc>Simulates mouse click on the element found by ``selector``.</doc>
<status status="PASS" start="2025-06-16T12:46:11.898434" elapsed="0.051641"/>
</kw>
<status status="PASS" start="2025-06-16T12:46:11.897441" elapsed="0.052809"/>
</kw>
<kw name="Clicar no botao cadastrar produto" owner="Cadastro">
<kw name="Sleep" owner="BuiltIn">
<msg time="2025-06-16T12:46:14.953532" level="INFO">Slept 3 seconds.</msg>
<arg>3</arg>
<doc>Pauses the test executed for the given time.</doc>
<status status="PASS" start="2025-06-16T12:46:11.950970" elapsed="3.003032"/>
</kw>
<kw name="Click" owner="Browser">
<msg time="2025-06-16T12:46:14.956691" level="INFO">Clicks the element 'css=a[data-testid="cadastrarProdutos"]'.</msg>
<arg>css=a[data-testid="cadastrarProdutos"]</arg>
<tag>PageContent</tag>
<tag>Setter</tag>
<doc>Simulates mouse click on the element found by ``selector``.</doc>
<status status="PASS" start="2025-06-16T12:46:14.954656" elapsed="0.098077"/>
</kw>
<status status="PASS" start="2025-06-16T12:46:11.950559" elapsed="3.102271"/>
</kw>
<kw name="Preencher campos para cadastar produto" owner="Cadastro">
<kw name="Sleep" owner="BuiltIn">
<msg time="2025-06-16T12:46:20.055831" level="INFO">Slept 5 seconds.</msg>
<arg>5</arg>
<doc>Pauses the test executed for the given time.</doc>
<status status="PASS" start="2025-06-16T12:46:15.053301" elapsed="5.002905"/>
</kw>
<kw name="Fill Text" owner="Browser">
<msg time="2025-06-16T12:46:20.058030" level="INFO">Fills the text 'MacBook S28' in the given field.</msg>
<arg>css=input[name="nome"]</arg>
<arg>MacBook S28</arg>
<tag>PageContent</tag>
<tag>Setter</tag>
<doc>Clears and fills the given ``txt`` into the text field found by ``selector``.</doc>
<status status="PASS" start="2025-06-16T12:46:20.056711" elapsed="0.018340"/>
</kw>
<kw name="Sleep" owner="BuiltIn">
<msg time="2025-06-16T12:46:23.076554" level="INFO">Slept 3 seconds.</msg>
<arg>3</arg>
<doc>Pauses the test executed for the given time.</doc>
<status status="PASS" start="2025-06-16T12:46:20.075362" elapsed="3.001673"/>
</kw>
<kw name="Fill Text" owner="Browser">
<msg time="2025-06-16T12:46:23.079557" level="INFO">Fills the text '2000.00' in the given field.</msg>
<arg>css=input[name="price"]</arg>
<arg>2000.00</arg>
<tag>PageContent</tag>
<tag>Setter</tag>
<doc>Clears and fills the given ``txt`` into the text field found by ``selector``.</doc>
<status status="PASS" start="2025-06-16T12:46:23.077725" elapsed="0.017269"/>
</kw>
<kw name="Sleep" owner="BuiltIn">
<msg time="2025-06-16T12:46:26.096250" level="INFO">Slept 3 seconds.</msg>
<arg>3</arg>
<doc>Pauses the test executed for the given time.</doc>
<status status="PASS" start="2025-06-16T12:46:23.095234" elapsed="3.001355"/>
</kw>
<kw name="Fill Text" owner="Browser">
<msg time="2025-06-16T12:46:26.098342" level="INFO">Fills the text 'Superleve e com pouco mais de 1 cm de espessura, o MacBook Air se encaixa facilmente na correria da sua rotina e na sua mochila. O modelo com M4 é feito com mais de 50% de materiais reciclados e o alumínio da estrutura resistente também é reciclado.' in the given field.</msg>
<arg>css=textarea[data-testid="descricao"]</arg>
<arg>Superleve e com pouco mais de 1 cm de espessura, o MacBook Air se encaixa facilmente na correria da sua rotina e na sua mochila. O modelo com M4 é feito com mais de 50% de materiais reciclados e o alumínio da estrutura resistente também é reciclado.</arg>
<tag>PageContent</tag>
<tag>Setter</tag>
<doc>Clears and fills the given ``txt`` into the text field found by ``selector``.</doc>
<status status="PASS" start="2025-06-16T12:46:26.097070" elapsed="0.017719"/>
</kw>
<kw name="Sleep" owner="BuiltIn">
<msg time="2025-06-16T12:46:28.116149" level="INFO">Slept 2 seconds.</msg>
<arg>2</arg>
<doc>Pauses the test executed for the given time.</doc>
<status status="PASS" start="2025-06-16T12:46:26.115168" elapsed="2.001249"/>
</kw>
<kw name="Fill Text" owner="Browser">
<msg time="2025-06-16T12:46:28.118082" level="INFO">Fills the text '2' in the given field.</msg>
<arg>css=input[data-testid="quantity"]</arg>
<arg>2</arg>
<tag>PageContent</tag>
<tag>Setter</tag>
<doc>Clears and fills the given ``txt`` into the text field found by ``selector``.</doc>
<status status="PASS" start="2025-06-16T12:46:28.116837" elapsed="0.011559"/>
</kw>
<status status="PASS" start="2025-06-16T12:46:15.053036" elapsed="13.075474"/>
</kw>
<kw name="Clicar no botao cadastrar produto com sucesso" owner="Cadastro">
<kw name="Sleep" owner="BuiltIn">
<msg time="2025-06-16T12:46:31.129794" level="INFO">Slept 3 seconds.</msg>
<arg>3</arg>
<doc>Pauses the test executed for the given time.</doc>
<status status="PASS" start="2025-06-16T12:46:28.129008" elapsed="3.001174"/>
</kw>
<kw name="Click" owner="Browser">
<msg time="2025-06-16T12:46:31.132294" level="INFO">Clicks the element 'css=button[type="submit"]'.</msg>
<arg>css=button[type="submit"]</arg>
<tag>PageContent</tag>
<tag>Setter</tag>
<doc>Simulates mouse click on the element found by ``selector``.</doc>
<status status="PASS" start="2025-06-16T12:46:31.130726" elapsed="0.048289"/>
</kw>
<kw name="Sleep" owner="BuiltIn">
<msg time="2025-06-16T12:46:36.180053" level="INFO">Slept 5 seconds.</msg>
<arg>5</arg>
<doc>Pauses the test executed for the given time.</doc>
<status status="PASS" start="2025-06-16T12:46:31.179321" elapsed="5.001017"/>
</kw>
<kw name="Click" owner="Browser">
<msg time="2025-06-16T12:46:36.182013" level="INFO">Clicks the element 'text= MacBook S28'.</msg>
<arg>text= MacBook S28</arg>
<tag>PageContent</tag>
<tag>Setter</tag>
<doc>Simulates mouse click on the element found by ``selector``.</doc>
<status status="PASS" start="2025-06-16T12:46:36.180731" elapsed="0.045148"/>
</kw>
<kw name="Highlight Elements" owner="Browser">
<msg time="2025-06-16T12:46:36.243457" level="INFO">Highlighted 1 elements for 5000.</msg>
<arg>text= MacBook S28</arg>
<tag>PageContent</tag>
<tag>Setter</tag>
<doc>Adds a highlight to elements matched by the ``selector``. Provides a style adjustment.</doc>
<status status="PASS" start="2025-06-16T12:46:36.226197" elapsed="0.017431"/>
</kw>
<status status="PASS" start="2025-06-16T12:46:28.128714" elapsed="8.115028"/>
</kw>
<kw name="Clicar para sair" owner="Cadastro">
<kw name="Sleep" owner="BuiltIn">
<msg time="2025-06-16T12:46:40.247127" level="INFO">Slept 4 seconds.</msg>
<arg>4</arg>
<doc>Pauses the test executed for the given time.</doc>
<status status="PASS" start="2025-06-16T12:46:36.244377" elapsed="4.003200"/>
</kw>
<kw name="Click" owner="Browser">
<msg time="2025-06-16T12:46:40.250052" level="INFO">Clicks the element 'css=button[data-testid="logout"]'.</msg>
<arg>css=button[data-testid="logout"]</arg>
<tag>PageContent</tag>
<tag>Setter</tag>
<doc>Simulates mouse click on the element found by ``selector``.</doc>
<status status="PASS" start="2025-06-16T12:46:40.248230" elapsed="0.087779"/>
</kw>
<status status="PASS" start="2025-06-16T12:46:36.244007" elapsed="4.092090"/>
</kw>
<kw name="Fechar navegador" owner="Base">
<kw name="Take Screenshot" owner="Browser">
<msg time="2025-06-16T12:46:40.458656" level="INFO" html="true">&lt;/td&gt;&lt;/tr&gt;&lt;tr&gt;&lt;td colspan="3"&gt;&lt;a href="browser/screenshot/robotframework-browser-screenshot-2.png" target="_blank"&gt;&lt;img src="browser/screenshot/robotframework-browser-screenshot-2.png" width="800px"/&gt;&lt;/a&gt;</msg>
<tag>PageContent</tag>
<doc>Takes a screenshot of the current window or element and saves it to disk.</doc>
<status status="PASS" start="2025-06-16T12:46:40.336533" elapsed="0.122211"/>
</kw>
<kw name="Close Browser" owner="Browser">
<msg time="2025-06-16T12:46:40.554350" level="INFO">Closed browser</msg>
<tag>BrowserControl</tag>
<tag>Setter</tag>
<doc>Closes the current browser.</doc>
<status status="PASS" start="2025-06-16T12:46:40.458840" elapsed="0.095631"/>
</kw>
<status status="PASS" start="2025-06-16T12:46:40.336257" elapsed="0.218276"/>
</kw>
<doc>CT04 -  Deve cadastrar um produto com sucesso</doc>
<tag>cadastrar-produto</tag>
<status status="PASS" start="2025-06-16T12:45:55.947441" elapsed="44.607218"/>
</test>
<status status="PASS" start="2025-06-16T12:44:09.183274" elapsed="151.373580"/>
</suite>
<statistics>
<total>
<stat pass="4" fail="0" skip="0">All Tests</stat>
</total>
<tag>
<stat pass="1" fail="0" skip="0">cadastrar-novo-usuario</stat>
<stat pass="1" fail="0" skip="0">cadastrar-produto</stat>
<stat pass="1" fail="0" skip="0">cadastro-com-sucesso</stat>
<stat pass="1" fail="0" skip="0">login-com-sucesso</stat>
</tag>
<suite>
<stat name="Cadastro" id="s1" pass="4" fail="0" skip="0">Cadastro</stat>
</suite>
</statistics>
<errors>
</errors>
</robot>
